<?xml version="1.0" encoding="UTF-8"?>
<testng-results ignored="0" total="1" passed="1" failed="0" skipped="0">
  <reporter-output>
  </reporter-output>
  <suite started-at="2023-09-03T13:18:39 IST" name="RestAssured Suite" finished-at="2023-09-03T13:18:43 IST" duration-ms="4895">
    <groups>
    </groups>
    <test started-at="2023-09-03T13:18:39 IST" name="RestAssured test" finished-at="2023-09-03T13:18:43 IST" duration-ms="4895">
      <class name="com.assignment.tests.APISampleTest">
        <test-method is-config="true" signature="setUp()[pri:0, instance:com.assignment.tests.APISampleTest@43dac38f]" started-at="2023-09-03T13:18:39 IST" name="setUp" finished-at="2023-09-03T13:18:39 IST" duration-ms="678" status="PASS">
          <reporter-output>
          </reporter-output>
        </test-method> <!-- setUp -->
        <test-method signature="statusCodeVerification()[pri:0, instance:com.assignment.tests.APISampleTest@43dac38f]" started-at="2023-09-03T13:18:39 IST" name="statusCodeVerification" finished-at="2023-09-03T13:18:43 IST" duration-ms="4150" status="PASS">
          <reporter-output>
          </reporter-output>
        </test-method> <!-- statusCodeVerification -->
      </class> <!-- com.assignment.tests.APISampleTest -->
    </test> <!-- RestAssured test -->
  </suite> <!-- RestAssured Suite -->
</testng-results>
